[2026-04-10T19:49:59Z] === ENRICH ITERATION 1 START | repo=minitest/minitest sha=339492cb ===
[2026-04-10T19:49:59Z] [iter=1] PHASE START: enrich repo=minitest/minitest sha=339492cb runlog=/home/runner/work/forx/forx/storage/aggregate/lsp/logs/339492cb-enrich-iter-001.log output=/home/runner/work/forx/forx/storage/aggregate/lsp/339492cbaec5c460ec278e754199619d6431af35.nq.gz
[2026-04-10T19:49:59Z] [iter=1] Step 1: Loading AST into disk-backed store mem_mb=77 MB
[2026-04-10T19:50:00Z] [iter=1] AST store loaded triples=268547 load_secs=2 mem_mb=459 MB
[2026-04-10T19:50:00Z] [iter=1] Step 2: Finding LSP targets mem_mb=459 MB
[2026-04-10T19:50:01Z] [iter=1] LSP targets found call_sites=4142 imports=0 extends=0 implements=0 secs=1
[2026-04-10T19:50:02Z] [iter=1] Step 2.7: Building position index (one-shot, shared across resolvers) mem_mb=459 MB
[2026-04-10T19:50:03Z] [iter=1] Position index built positions=17851 nodes_with_types=22805 secs=1 mem_mb=459 MB
[2026-04-10T19:50:03Z] [iter=1] Step 3: Starting LSP resolution mem_mb=459 MB already_completed_types=[] already_completed_files=0
[2026-04-10T19:50:03Z] [iter=1] Resolving target type target_type=call_site count=4142
[2026-04-10T19:51:52Z] [iter=1] HEARTBEAT target_type=call_site elapsed_min=1.9 files_done=1 resolved=37 errors=475 current=lib/minitest/assertions.rb
[2026-04-10T19:53:23Z] [iter=1] HEARTBEAT target_type=call_site elapsed_min=3.4 files_done=3 resolved=186 errors=963 current=lib/minitest/path_expander.rb
[2026-04-10T19:54:00Z] [iter=1] HEARTBEAT target_type=call_site elapsed_min=4.0 files_done=5 resolved=330 errors=1281 current=test/minitest/test_minitest_assertions.rb
[2026-04-10T19:54:52Z] [iter=1] HEARTBEAT target_type=call_site elapsed_min=4.9 files_done=6 resolved=415 errors=1737 current=lib/minitest/test_task.rb
[2026-04-10T19:55:32Z] [iter=1] HEARTBEAT target_type=call_site elapsed_min=5.5 files_done=12 resolved=533 errors=2095 current=lib/minitest/test.rb
[2026-04-10T19:56:04Z] [iter=1] HEARTBEAT target_type=call_site elapsed_min=6.1 files_done=19 resolved=678 errors=2383 current=lib/minitest/pride.rb
[2026-04-10T19:56:35Z] [iter=1] HEARTBEAT target_type=call_site elapsed_min=6.6 files_done=34 resolved=742 errors=2649 current=lib/minitest/expectations.rb
[2026-04-10T19:56:40Z] [iter=1] Target type resolved target_type=call_site resolved=745 errors=2685 secs=396 mem_mb=459 MB
[2026-04-10T19:56:45Z] [iter=1] Step 5: Writing final enrichment file triples=26552
[2026-04-10T19:56:45Z] [iter=1] Enrichment file written path=/home/runner/work/forx/forx/storage/aggregate/lsp/339492cbaec5c460ec278e754199619d6431af35.nq.gz size_kb=442
[2026-04-10T19:56:45Z] [iter=1] PHASE END: enrich elapsed_s=407 elapsed_min=6.8 total_triples=26552
